<?xml version="1.0" encoding="UTF-8"?>
<!-- Generated by org.testng.reporters.JUnitXMLReporter -->
<testsuite hostname="SUDHAPAT-IN" name="SmokeTests" tests="2" failures="1" timestamp="16 Mar 2021 17:50:05 GMT" time="26.045" errors="0">
  <testcase name="login_001" time="4.002" classname="com.actitime.tests.Login"/>
  <testcase name="login_002" time="3.381" classname="com.actitime.tests.Login">
    <failure type="java.lang.AssertionError" message="Login_002 Failed expected [false] but found [true]">
      <![CDATA[java.lang.AssertionError: Login_002 Failed expected [false] but found [true]
	at com.actitime.tests.Login.login_002(Login.java:41)
... Removed 27 stack frames]]>
    </failure>
  </testcase> <!-- login_002 -->
</testsuite> <!-- SmokeTests -->
